npm warn config optional Use `--omit=optional` to exclude optional dependencies, or
npm warn config `--include=optional` to include them.
npm warn config
npm warn config       Default value does install optional deps unless otherwise omitted.

> @whiskeysockets/baileys@7.0.0-rc.9 preinstall
> node ./engine-requirements.js

npm error code EACCES
npm error syscall symlink
npm error path ../pino/bin.js
npm error dest /storage/emulated/0/Download/projek-bot/wa-server/node_modules/.bin/pino
npm error errno -13
npm error Error: EACCES: permission denied, symlink '../pino/bin.js' -> '/storage/emulated/0/Download/projek-bot/wa-server/node_modules/.bin/pino'
npm error     at async symlink (node:internal/fs/promises:1009:10)
npm error     at async Promise.all (index 0)
npm error     at async Promise.all (index 0)
npm error     at async #createBinLinks (/data/data/com.termux/files/usr/lib/node_modules/npm/node_modules/@npmcli/arborist/lib/arborist/rebuild.js:397:5)
npm error     at async Promise.allSettled (index 0)
npm error     at async #linkAllBins (/data/data/com.termux/files/usr/lib/node_modules/npm/node_modules/@npmcli/arborist/lib/arborist/rebuild.js:378:5)
npm error     at async #build (/data/data/com.termux/files/usr/lib/node_modules/npm/node_modules/@npmcli/arborist/lib/arborist/rebuild.js:161:7)
npm error     at async Arborist.rebuild (/data/data/com.termux/files/usr/lib/node_modules/npm/node_modules/@npmcli/arborist/lib/arborist/rebuild.js:61:5)
npm error     at async [reifyPackages] (/data/data/com.termux/files/usr/lib/node_modules/npm/node_modules/@npmcli/arborist/lib/arborist/reify.js:313:11)
npm error     at async Arborist.reify (/data/data/com.termux/files/usr/lib/node_modules/npm/node_modules/@npmcli/arborist/lib/arborist/reify.js:125:5) {
npm error   errno: -13,
npm error   code: 'EACCES',
npm error   syscall: 'symlink',
npm error   path: '../pino/bin.js',
npm error   dest: '/storage/emulated/0/Download/projek-bot/wa-server/node_modules/.bin/pino'
npm error }
npm error
npm error The operation was rejected by your operating system.
npm error It is likely you do not have the permissions to access this file as the current user
npm error
npm error If you believe this might be a permissions issue, please double-check the
npm error permissions of the file and its containing directories, or try running
npm error the command again as root/Administrator.
npm error A complete log of this run can be found in: /data/data/com.termux/files/home/.npm/_logs/2025-12-30T07_03_46_245Z-debug-0.log
